Watching C:\Users\bri\Documents\Projets_perso\veille-techno\components and all sub-directories not excluded by your .gitignore. Will not monitor dotfiles.
Found & ignored ./node_modules ; is listed in .gitignore
Found & ignored ./coverage\lcov-report\base.css ; has ignored extension
Found & ignored ./coverage\lcov-report\prettify.css ; has ignored extension
Found & ignored ./lib\style\base.css ; has ignored extension
Found & ignored ./src\style\base.css ; has ignored extension

Starting: build-storybook -- --output-dir C:\\Users\\bri\\AppData\\Local\\Temp\\chromatic--8352-2iK2pzkZRlf9
./build-storybook.log changed

Starting: build-storybook -- --output-dir C:\\Users\\bri\\AppData\\Local\\Temp\\chromatic--8352-2iK2pzkZRlf9
node:internal/modules/cjs/loader:927
  throw err;
  ^

Error: Cannot find module 'C:\Users\bri\Documents\Projets_perso\veille-techno\components\build-storybook'
    at Function.Module._resolveFilename (node:internal/modules/cjs/loader:924:15)
    at Function.Module._load (node:internal/modules/cjs/loader:769:27)
    at Function.executeUserEntryPoint [as runMain] (node:internal/modules/run_main:76:12)
    at node:internal/main/run_main_module:17:47 {
  code: 'MODULE_NOT_FOUND',
  requireStack: []
}
